<?xml version="1.0" encoding="UTF-8"?>
<!-- Generated by org.testng.reporters.JUnitXMLReporter -->
<testsuite ignored="6" hostname="EPINHYDW0F53" failures="0" tests="13" name="CalculatorTestPass" time="1.376" errors="0" timestamp="2025-02-11T16:43:03 IST">
  <testcase classname="CalculatorTesting" name="positiveDoubleArithmeticTest" time="0.079"/>
  <testcase classname="CalculatorTesting" name="positiveDoubleSingleTest" time="0.079"/>
  <testcase classname="CalculatorTesting" name="positiveDoubleSingleTest" time="0.004"/>
  <testcase classname="CalculatorTesting" name="positiveDoubleArithmeticTest" time="0.004"/>
  <testcase classname="CalculatorTesting" name="positiveDoubleSingleTest" time="0.004"/>
  <testcase classname="CalculatorTesting" name="positiveDoubleArithmeticTest" time="0.006"/>
  <testcase classname="CalculatorTesting" name="positiveLongArithmeticTest" time="0.005"/>
  <testcase classname="CalculatorTesting" name="positiveLongSingleTest" time="0.005"/>
  <testcase classname="CalculatorTesting" name="positiveLongArithmeticTest" time="0.002"/>
  <testcase classname="CalculatorTesting" name="positiveLongArithmeticTest" time="0.003"/>
  <testcase classname="CalculatorTesting" name="positiveLongSingleTest" time="0.015"/>
  <testcase classname="CalculatorTesting" name="positiveLongSingleTest" time="0.002"/>
  <testcase classname="CalculatorTesting" name="positiveTrigonometryTest" time="1.013"/>
  <testcase classname="CalculatorTesting" name="failedDoubleArithmeticTest" time="0.0">
    <ignored/>
  </testcase> <!-- failedDoubleArithmeticTest -->
  <testcase classname="CalculatorTesting" name="failedLongSingleTest" time="0.0">
    <ignored/>
  </testcase> <!-- failedLongSingleTest -->
  <testcase classname="CalculatorTesting" name="failedExceptionTest" time="0.0">
    <ignored/>
  </testcase> <!-- failedExceptionTest -->
  <testcase classname="CalculatorTesting" name="failedDoubleSingleTest" time="0.0">
    <ignored/>
  </testcase> <!-- failedDoubleSingleTest -->
  <testcase classname="CalculatorTesting" name="trigonometryTgTest" time="0.0">
    <ignored/>
  </testcase> <!-- trigonometryTgTest -->
  <testcase classname="CalculatorTesting" name="failedLongArithmeticTest" time="0.0">
    <ignored/>
  </testcase> <!-- failedLongArithmeticTest -->
</testsuite> <!-- CalculatorTestPass -->
