<?xml version="1.0" encoding="UTF-8"?>
<!-- Generated by org.testng.reporters.JUnitXMLReporter -->
<testsuite ignored="11" hostname="EPINHYDW0F53" failures="0" tests="0" time="0.0" errors="0" timestamp="2025-02-11T16:43:03 IST">
  <testcase classname="CalculatorTesting" name="positiveTrigonometryTest" time="0.0">
    <ignored/>
  </testcase> <!-- positiveTrigonometryTest -->
  <testcase classname="CalculatorTesting" name="positiveDoubleArithmeticTest" time="0.0">
    <ignored/>
  </testcase> <!-- positiveDoubleArithmeticTest -->
  <testcase classname="CalculatorTesting" name="failedDoubleArithmeticTest" time="0.0">
    <ignored/>
  </testcase> <!-- failedDoubleArithmeticTest -->
  <testcase classname="CalculatorTesting" name="failedExceptionTest" time="0.0">
    <ignored/>
  </testcase> <!-- failedExceptionTest -->
  <testcase classname="CalculatorTesting" name="failedDoubleSingleTest" time="0.0">
    <ignored/>
  </testcase> <!-- failedDoubleSingleTest -->
  <testcase classname="CalculatorTesting" name="failedLongArithmeticTest" time="0.0">
    <ignored/>
  </testcase> <!-- failedLongArithmeticTest -->
  <testcase classname="CalculatorTesting" name="positiveLongArithmeticTest" time="0.0">
    <ignored/>
  </testcase> <!-- positiveLongArithmeticTest -->
  <testcase classname="CalculatorTesting" name="trigonometryTgTest" time="0.0">
    <ignored/>
  </testcase> <!-- trigonometryTgTest -->
  <testcase classname="CalculatorTesting" name="positiveLongSingleTest" time="0.0">
    <ignored/>
  </testcase> <!-- positiveLongSingleTest -->
  <testcase classname="CalculatorTesting" name="positiveDoubleSingleTest" time="0.0">
    <ignored/>
  </testcase> <!-- positiveDoubleSingleTest -->
  <testcase classname="CalculatorTesting" name="failedLongSingleTest" time="0.0">
    <ignored/>
  </testcase> <!-- failedLongSingleTest -->
</testsuite>
