<?xml version="1.0" encoding="UTF-8"?>
<testsuite xmlns:xsi="http://www.w3.org/2001/XMLSchema-instance" xsi:noNamespaceSchemaLocation="https://maven.apache.org/surefire/maven-surefire-plugin/xsd/surefire-test-report-3.0.xsd" version="3.0" name="TestSuite" time="2.326" tests="13" errors="0" skipped="0" failures="0">
  <properties>
[...]
</properties>
  <testcase name="positiveDoubleArithmeticTest[2.5, 1.5](1)" classname="CalculatorTesting" time="0.191">
    <system-out><![CDATA[onStart method started
BeforeClass: Initializing Calculator instance.
Test started [TestResult name=positiveDoubleSingleTest status=STARTED method=CalculatorTesting.positiveDoubleSingleTest(double)[pri:0, instance:CalculatorTesting@130c12b7] output={null}]
Test started [TestResult name=positiveDoubleArithmeticTest status=STARTED method=CalculatorTesting.positiveDoubleArithmeticTest(double,double)[pri:0, instance:CalculatorTesting@130c12b7] output={null}]
Test success [TestResult name=positiveDoubleArithmeticTest status=SUCCESS method=CalculatorTesting.positiveDoubleArithmeticTest(double,double)[pri:0, instance:CalculatorTesting@130c12b7] output={null}]
Test success [TestResult name=positiveDoubleSingleTest status=SUCCESS method=CalculatorTesting.positiveDoubleSingleTest(double)[pri:0, instance:CalculatorTesting@130c12b7] output={null}]
]]></system-out>
    <system-err><![CDATA[SLF4J: Failed to load class "org.slf4j.impl.StaticLoggerBinder".
SLF4J: Defaulting to no-operation (NOP) logger implementation
SLF4J: See http://www.slf4j.org/codes.html#StaticLoggerBinder for further details.
]]></system-err>
  </testcase>
  <testcase name="positiveDoubleSingleTest[2.5](1)" classname="CalculatorTesting" time="0.196"/>
  <testcase name="positiveDoubleSingleTest[0.0](2)" classname="CalculatorTesting" time="0.009">
    <system-out><![CDATA[Test started [TestResult name=positiveDoubleSingleTest status=STARTED method=CalculatorTesting.positiveDoubleSingleTest(double)[pri:0, instance:CalculatorTesting@130c12b7] output={null}]
Test started [TestResult name=positiveDoubleArithmeticTest status=STARTED method=CalculatorTesting.positiveDoubleArithmeticTest(double,double)[pri:0, instance:CalculatorTesting@130c12b7] output={null}]
Test success [TestResult name=positiveDoubleArithmeticTest status=SUCCESS method=CalculatorTesting.positiveDoubleArithmeticTest(double,double)[pri:0, instance:CalculatorTesting@130c12b7] output={null}]
Test success [TestResult name=positiveDoubleSingleTest status=SUCCESS method=CalculatorTesting.positiveDoubleSingleTest(double)[pri:0, instance:CalculatorTesting@130c12b7] output={null}]
]]></system-out>
  </testcase>
  <testcase name="positiveDoubleArithmeticTest[5.0, 2.0](2)" classname="CalculatorTesting" time="0.011"/>
  <testcase name="positiveDoubleSingleTest[-3.3](3)" classname="CalculatorTesting" time="0.007">
    <system-out><![CDATA[Test started [TestResult name=positiveDoubleSingleTest status=STARTED method=CalculatorTesting.positiveDoubleSingleTest(double)[pri:0, instance:CalculatorTesting@130c12b7] output={null}]
Test success [TestResult name=positiveDoubleSingleTest status=SUCCESS method=CalculatorTesting.positiveDoubleSingleTest(double)[pri:0, instance:CalculatorTesting@130c12b7] output={null}]
Test started [TestResult name=positiveDoubleArithmeticTest status=STARTED method=CalculatorTesting.positiveDoubleArithmeticTest(double,double)[pri:0, instance:CalculatorTesting@130c12b7] output={null}]
Test success [TestResult name=positiveDoubleArithmeticTest status=SUCCESS method=CalculatorTesting.positiveDoubleArithmeticTest(double,double)[pri:0, instance:CalculatorTesting@130c12b7] output={null}]
]]></system-out>
  </testcase>
  <testcase name="positiveDoubleArithmeticTest[-3.3, 4.0](3)" classname="CalculatorTesting" time="0.009"/>
  <testcase name="positiveLongArithmeticTest[10, 5](1)" classname="CalculatorTesting" time="0.013">
    <system-out><![CDATA[Test started [TestResult name=positiveLongSingleTest status=STARTED method=CalculatorTesting.positiveLongSingleTest(long)[pri:0, instance:CalculatorTesting@130c12b7] output={null}]
Test started [TestResult name=positiveLongArithmeticTest status=STARTED method=CalculatorTesting.positiveLongArithmeticTest(long,long)[pri:0, instance:CalculatorTesting@130c12b7] output={null}]
Test success [TestResult name=positiveLongSingleTest status=SUCCESS method=CalculatorTesting.positiveLongSingleTest(long)[pri:0, instance:CalculatorTesting@130c12b7] output={null}]
Test success [TestResult name=positiveLongArithmeticTest status=SUCCESS method=CalculatorTesting.positiveLongArithmeticTest(long,long)[pri:0, instance:CalculatorTesting@130c12b7] output={null}]
]]></system-out>
  </testcase>
  <testcase name="positiveLongSingleTest[10](1)" classname="CalculatorTesting" time="0.014"/>
  <testcase name="positiveLongArithmeticTest[20, 0](2)" classname="CalculatorTesting" time="0.001">
    <system-out><![CDATA[Test started [TestResult name=positiveLongArithmeticTest status=STARTED method=CalculatorTesting.positiveLongArithmeticTest(long,long)[pri:0, instance:CalculatorTesting@130c12b7] output={null}]
Test success [TestResult name=positiveLongArithmeticTest status=SUCCESS method=CalculatorTesting.positiveLongArithmeticTest(long,long)[pri:0, instance:CalculatorTesting@130c12b7] output={null}]
]]></system-out>
  </testcase>
  <testcase name="positiveLongArithmeticTest[-10, 3](3)" classname="CalculatorTesting" time="0.004">
    <system-out><![CDATA[Test started [TestResult name=positiveLongArithmeticTest status=STARTED method=CalculatorTesting.positiveLongArithmeticTest(long,long)[pri:0, instance:CalculatorTesting@130c12b7] output={null}]
Test success [TestResult name=positiveLongArithmeticTest status=SUCCESS method=CalculatorTesting.positiveLongArithmeticTest(long,long)[pri:0, instance:CalculatorTesting@130c12b7] output={null}]
]]></system-out>
  </testcase>
  <testcase name="positiveLongSingleTest[0](2)" classname="CalculatorTesting" time="0.022">
    <system-out><![CDATA[Test started [TestResult name=positiveTrigonometryTest status=STARTED method=CalculatorTesting.positiveTrigonometryTest()[pri:0, instance:CalculatorTesting@130c12b7] output={null}]
Test started [TestResult name=positiveLongSingleTest status=STARTED method=CalculatorTesting.positiveLongSingleTest(long)[pri:0, instance:CalculatorTesting@130c12b7] output={null}]
Test success [TestResult name=positiveLongSingleTest status=SUCCESS method=CalculatorTesting.positiveLongSingleTest(long)[pri:0, instance:CalculatorTesting@130c12b7] output={null}]
]]></system-out>
  </testcase>
  <testcase name="positiveLongSingleTest[-5](3)" classname="CalculatorTesting" time="0.002">
    <system-out><![CDATA[Test started [TestResult name=positiveLongSingleTest status=STARTED method=CalculatorTesting.positiveLongSingleTest(long)[pri:0, instance:CalculatorTesting@130c12b7] output={null}]
Test success [TestResult name=positiveLongSingleTest status=SUCCESS method=CalculatorTesting.positiveLongSingleTest(long)[pri:0, instance:CalculatorTesting@130c12b7] output={null}]
]]></system-out>
  </testcase>
  <testcase name="positiveTrigonometryTest" classname="CalculatorTesting" time="0.993">
    <system-out><![CDATA[Test success [TestResult name=positiveTrigonometryTest status=SUCCESS method=CalculatorTesting.positiveTrigonometryTest()[pri:0, instance:CalculatorTesting@130c12b7] output={null}]
]]></system-out>
  </testcase>
</testsuite>